1614424700333	geckodriver	INFO	Listening on 127.0.0.1:48991
1614424700345	mozrunner::runner	INFO	Running command: "/usr/bin/firefox" "--marionette" "-foreground" "-no-remote" "-profile" "/tmp/rust_mozprofileivkj1p"
console.warn: SearchSettings: "get: No settings file exists, new profile?" (new Error("", "(unknown module)"))
1614424704874	Marionette	INFO	Listening on port 45679
1614424705056	Marionette	WARN	TLS certificate errors will be ignored for this session
JavaScript error: resource://gre/modules/UrlClassifierListManager.jsm, line 691: TypeError: this.tablesData[table] is undefined
1614424708490	Marionette	INFO	Stopped listening on port 45679
1614424711042	geckodriver	INFO	Listening on 127.0.0.1:58485
1614424711051	mozrunner::runner	INFO	Running command: "/usr/bin/firefox" "--marionette" "-foreground" "-no-remote" "-profile" "/tmp/rust_mozprofile1xcDW1"
console.warn: SearchSettings: "get: No settings file exists, new profile?" (new Error("", "(unknown module)"))
1614424715830	Marionette	INFO	Listening on port 41859
1614424715927	Marionette	WARN	TLS certificate errors will be ignored for this session
1614424979357	geckodriver	INFO	Listening on 127.0.0.1:36975
1614424979364	mozrunner::runner	INFO	Running command: "/usr/bin/firefox" "--marionette" "-foreground" "-no-remote" "-profile" "/tmp/rust_mozprofile99WqGG"
console.warn: SearchSettings: "get: No settings file exists, new profile?" (new Error("", "(unknown module)"))
1614424984268	Marionette	INFO	Listening on port 46719
1614424984458	Marionette	WARN	TLS certificate errors will be ignored for this session
1614425028998	Marionette	INFO	Stopped listening on port 46719
1614425036937	Marionette	INFO	Stopped listening on port 41859
1614428948304	geckodriver	INFO	Listening on 127.0.0.1:59499
1614428948312	mozrunner::runner	INFO	Running command: "/usr/bin/firefox" "--marionette" "-foreground" "-no-remote" "-profile" "/tmp/rust_mozprofiledC5R0N"
console.warn: SearchSettings: "get: No settings file exists, new profile?" (new Error("", "(unknown module)"))
1614428952637	Marionette	INFO	Listening on port 33897
1614428952808	Marionette	WARN	TLS certificate errors will be ignored for this session
1614428960814	Marionette	INFO	Stopped listening on port 33897

###!!! [Parent][RunMessage] Error: Channel closing: too late to send/recv, messages will be lost

1614435057284	geckodriver	INFO	Listening on 127.0.0.1:52239
1614435057291	mozrunner::runner	INFO	Running command: "/usr/bin/firefox" "--marionette" "-foreground" "-no-remote" "-profile" "/tmp/rust_mozprofileHz9cyX"
console.warn: SearchSettings: "get: No settings file exists, new profile?" (new Error("", "(unknown module)"))
1614435061890	Marionette	INFO	Listening on port 34719
1614435061998	Marionette	WARN	TLS certificate errors will be ignored for this session
1614435102295	Marionette	INFO	Stopped listening on port 34719

###!!! [Child][RunMessage] Error: Channel closing: too late to send/recv, messages will be lost


###!!! [Child][RunMessage] Error: Channel closing: too late to send/recv, messages will be lost


###!!! [Child][RunMessage] Error: Channel closing: too late to send/recv, messages will be lost


###!!! [Child][RunMessage] Error: Channel closing: too late to send/recv, messages will be lost


###!!! [Child][MessageChannel] Error: (msgtype=0x230033,name=PBrowser::Msg___delete__) Channel closing: too late to send/recv, messages will be lost


###!!! [Child][RunMessage] Error: Channel closing: too late to send/recv, messages will be lost


###!!! [Child][RunMessage] Error: Channel closing: too late to send/recv, messages will be lost


###!!! [Child][RunMessage] Error: Channel closing: too late to send/recv, messages will be lost


###!!! [Child][RunMessage] Error: Channel closing: too late to send/recv, messages will be lost


###!!! [Child][RunMessage] Error: Channel closing: too late to send/recv, messages will be lost


###!!! [Child][RunMessage] Error: Channel closing: too late to send/recv, messages will be lost

1614435572903	geckodriver	INFO	Listening on 127.0.0.1:48751
1614435572911	mozrunner::runner	INFO	Running command: "/usr/bin/firefox" "--marionette" "-foreground" "-no-remote" "-profile" "/tmp/rust_mozprofile3yjX7N"
console.warn: SearchSettings: "get: No settings file exists, new profile?" (new Error("", "(unknown module)"))
1614435577297	Marionette	INFO	Listening on port 43717
1614435577430	Marionette	WARN	TLS certificate errors will be ignored for this session
1614435618508	Marionette	INFO	Stopped listening on port 43717
1614503479645	geckodriver	INFO	Listening on 127.0.0.1:35547
1614503479652	mozrunner::runner	INFO	Running command: "/usr/bin/firefox" "--marionette" "-foreground" "-no-remote" "-profile" "/tmp/rust_mozprofile6jtBj3"
console.warn: SearchSettings: "get: No settings file exists, new profile?" (new Error("", "(unknown module)"))
1614503485161	Marionette	INFO	Listening on port 35225
1614503485211	Marionette	WARN	TLS certificate errors will be ignored for this session
1614503526168	Marionette	INFO	Stopped listening on port 35225
1614503598964	geckodriver	INFO	Listening on 127.0.0.1:49779
1614503598972	mozrunner::runner	INFO	Running command: "/usr/bin/firefox" "--marionette" "-foreground" "-no-remote" "-profile" "/tmp/rust_mozprofileXiJSIS"
console.warn: SearchSettings: "get: No settings file exists, new profile?" (new Error("", "(unknown module)"))
1614503603730	Marionette	INFO	Listening on port 37103
1614503603846	Marionette	WARN	TLS certificate errors will be ignored for this session
1614503642407	Marionette	INFO	Stopped listening on port 37103

###!!! [Child][RunMessage] Error: Channel closing: too late to send/recv, messages will be lost


###!!! [Child][MessageChannel] Error: (msgtype=0x230033,name=PBrowser::Msg___delete__) Channel closing: too late to send/recv, messages will be lost

1614503691658	geckodriver	INFO	Listening on 127.0.0.1:60059
1614503691665	mozrunner::runner	INFO	Running command: "/usr/bin/firefox" "--marionette" "-foreground" "-no-remote" "-profile" "/tmp/rust_mozprofilexwxi7J"
console.warn: SearchSettings: "get: No settings file exists, new profile?" (new Error("", "(unknown module)"))
1614503696297	Marionette	INFO	Listening on port 40293
1614503696437	Marionette	WARN	TLS certificate errors will be ignored for this session
1614503747633	Marionette	INFO	Stopped listening on port 40293
JavaScript error: chrome://global/content/elements/browser-custom-element.js, line 1681: NotFoundError: No such JSWindowActor 'MarionetteEvents'
JavaScript error: chrome://global/content/elements/browser-custom-element.js, line 1681: NotFoundError: No such JSWindowActor 'MarionetteEvents'
IPDL protocol error: Handler returned error code!

###!!! [Parent][DispatchAsyncMessage] Error: PLayerTransaction::Msg_ReleaseLayer Processing error: message was deserialized, but the handler returned false (indicating failure)

IPDL protocol error: Handler returned error code!

###!!! [Parent][DispatchAsyncMessage] Error: PLayerTransaction::Msg_ReleaseLayer Processing error: message was deserialized, but the handler returned false (indicating failure)

IPDL protocol error: Handler returned error code!

###!!! [Parent][DispatchAsyncMessage] Error: PLayerTransaction::Msg_ReleaseLayer Processing error: message was deserialized, but the handler returned false (indicating failure)

IPDL protocol error: Handler returned error code!

###!!! [Parent][DispatchAsyncMessage] Error: PLayerTransaction::Msg_ReleaseLayer Processing error: message was deserialized, but the handler returned false (indicating failure)

IPDL protocol error: Handler returned error code!

###!!! [Parent][DispatchAsyncMessage] Error: PLayerTransaction::Msg_ReleaseLayer Processing error: message was deserialized, but the handler returned false (indicating failure)

IPDL protocol error: Handler returned error code!

###!!! [Parent][DispatchAsyncMessage] Error: PLayerTransaction::Msg_ReleaseLayer Processing error: message was deserialized, but the handler returned false (indicating failure)

IPDL protocol error: Handler returned error code!

###!!! [Parent][DispatchAsyncMessage] Error: PLayerTransaction::Msg_ReleaseLayer Processing error: message was deserialized, but the handler returned false (indicating failure)

1614503823878	geckodriver	INFO	Listening on 127.0.0.1:59389
1614503823885	mozrunner::runner	INFO	Running command: "/usr/bin/firefox" "--marionette" "-foreground" "-no-remote" "-profile" "/tmp/rust_mozprofilerVGMLv"
console.warn: SearchSettings: "get: No settings file exists, new profile?" (new Error("", "(unknown module)"))
1614503828567	Marionette	INFO	Listening on port 39355
1614503828684	Marionette	WARN	TLS certificate errors will be ignored for this session
1614503913935	Marionette	INFO	Stopped listening on port 39355
1614505753952	geckodriver	INFO	Listening on 127.0.0.1:53131
1614505753959	mozrunner::runner	INFO	Running command: "/usr/bin/firefox" "--marionette" "-foreground" "-no-remote" "-profile" "/tmp/rust_mozprofileQJ4Uu8"
console.warn: SearchSettings: "get: No settings file exists, new profile?" (new Error("", "(unknown module)"))
1614505759688	Marionette	INFO	Listening on port 38433
1614505759758	Marionette	WARN	TLS certificate errors will be ignored for this session
1614505798395	Marionette	INFO	Stopped listening on port 38433

###!!! [Child][MessageChannel] Error: (msgtype=0x230033,name=PBrowser::Msg___delete__) Channel closing: too late to send/recv, messages will be lost


###!!! [Child][RunMessage] Error: Channel closing: too late to send/recv, messages will be lost


###!!! [Child][RunMessage] Error: Channel closing: too late to send/recv, messages will be lost


###!!! [Child][RunMessage] Error: Channel closing: too late to send/recv, messages will be lost


###!!! [Child][RunMessage] Error: Channel closing: too late to send/recv, messages will be lost


###!!! [Child][RunMessage] Error: Channel closing: too late to send/recv, messages will be lost


###!!! [Child][RunMessage] Error: Channel closing: too late to send/recv, messages will be lost


###!!! [Child][RunMessage] Error: Channel closing: too late to send/recv, messages will be lost


###!!! [Child][RunMessage] Error: Channel closing: too late to send/recv, messages will be lost


###!!! [Child][RunMessage] Error: Channel closing: too late to send/recv, messages will be lost


###!!! [Child][RunMessage] Error: Channel closing: too late to send/recv, messages will be lost


###!!! [Child][RunMessage] Error: Channel closing: too late to send/recv, messages will be lost


###!!! [Child][RunMessage] Error: Channel closing: too late to send/recv, messages will be lost


###!!! [Child][RunMessage] Error: Channel closing: too late to send/recv, messages will be lost


###!!! [Child][RunMessage] Error: Channel closing: too late to send/recv, messages will be lost

1614506119180	geckodriver	INFO	Listening on 127.0.0.1:33963
1614506119188	mozrunner::runner	INFO	Running command: "/usr/bin/firefox" "--marionette" "-foreground" "-no-remote" "-profile" "/tmp/rust_mozprofileE4quJo"
console.warn: SearchSettings: "get: No settings file exists, new profile?" (new Error("", "(unknown module)"))
1614506123325	Marionette	INFO	Listening on port 39963
1614506123543	Marionette	WARN	TLS certificate errors will be ignored for this session
1614506174505	Marionette	INFO	Stopped listening on port 39963

###!!! [Parent][RunMessage] Error: Channel closing: too late to send/recv, messages will be lost

1614506593058	geckodriver	INFO	Listening on 127.0.0.1:45531
1614506593066	mozrunner::runner	INFO	Running command: "/usr/bin/firefox" "--marionette" "-foreground" "-no-remote" "-profile" "/tmp/rust_mozprofile20Z6yO"
console.warn: SearchSettings: "get: No settings file exists, new profile?" (new Error("", "(unknown module)"))
1614506597749	Marionette	INFO	Listening on port 42587
1614506597845	Marionette	WARN	TLS certificate errors will be ignored for this session
1614506664837	Marionette	INFO	Stopped listening on port 42587
1614507174756	geckodriver	INFO	Listening on 127.0.0.1:60669
1614507174763	mozrunner::runner	INFO	Running command: "/usr/bin/firefox" "--marionette" "-foreground" "-no-remote" "-profile" "/tmp/rust_mozprofileTyKp1T"
console.warn: SearchSettings: "get: No settings file exists, new profile?" (new Error("", "(unknown module)"))
1614507178712	Marionette	INFO	Listening on port 32871
1614507178854	Marionette	WARN	TLS certificate errors will be ignored for this session
1614507234966	Marionette	INFO	Stopped listening on port 32871
IPDL protocol error: Handler returned error code!

###!!! [Parent][DispatchAsyncMessage] Error: PLayerTransaction::Msg_ReleaseLayer Processing error: message was deserialized, but the handler returned false (indicating failure)

IPDL protocol error: Handler returned error code!

###!!! [Parent][DispatchAsyncMessage] Error: PLayerTransaction::Msg_ReleaseLayer Processing error: message was deserialized, but the handler returned false (indicating failure)

IPDL protocol error: Handler returned error code!

###!!! [Parent][DispatchAsyncMessage] Error: PLayerTransaction::Msg_ReleaseLayer Processing error: message was deserialized, but the handler returned false (indicating failure)

IPDL protocol error: Handler returned error code!

###!!! [Parent][DispatchAsyncMessage] Error: PLayerTransaction::Msg_ReleaseLayer Processing error: message was deserialized, but the handler returned false (indicating failure)

IPDL protocol error: Handler returned error code!

###!!! [Parent][DispatchAsyncMessage] Error: PLayerTransaction::Msg_ReleaseLayer Processing error: message was deserialized, but the handler returned false (indicating failure)

1614507259052	geckodriver	INFO	Listening on 127.0.0.1:46149
1614507259059	mozrunner::runner	INFO	Running command: "/usr/bin/firefox" "--marionette" "-foreground" "-no-remote" "-profile" "/tmp/rust_mozprofileMAa2tj"
console.warn: SearchSettings: "get: No settings file exists, new profile?" (new Error("", "(unknown module)"))
1614507263280	Marionette	INFO	Listening on port 41151
1614507263345	Marionette	WARN	TLS certificate errors will be ignored for this session
1614507298607	Marionette	INFO	Stopped listening on port 41151
1614507732055	geckodriver	INFO	Listening on 127.0.0.1:55171
1614507732062	mozrunner::runner	INFO	Running command: "/usr/bin/firefox" "--marionette" "-foreground" "-no-remote" "-profile" "/tmp/rust_mozprofileuzVYWq"
console.warn: SearchSettings: "get: No settings file exists, new profile?" (new Error("", "(unknown module)"))
1614507736507	Marionette	INFO	Listening on port 44197
1614507736564	Marionette	WARN	TLS certificate errors will be ignored for this session
1614507782414	Marionette	INFO	Stopped listening on port 44197
JavaScript error: chrome://global/content/elements/browser-custom-element.js, line 1681: NotFoundError: No such JSWindowActor 'MarionetteEvents'
1614507837056	geckodriver	INFO	Listening on 127.0.0.1:58799
1614507837063	mozrunner::runner	INFO	Running command: "/usr/bin/firefox" "--marionette" "-foreground" "-no-remote" "-profile" "/tmp/rust_mozprofilejmKudH"
console.warn: SearchSettings: "get: No settings file exists, new profile?" (new Error("", "(unknown module)"))
1614507841298	Marionette	INFO	Listening on port 39149
1614507841437	Marionette	WARN	TLS certificate errors will be ignored for this session
1614507879382	Marionette	INFO	Stopped listening on port 39149

###!!! [Child][RunMessage] Error: Channel closing: too late to send/recv, messages will be lost


###!!! [Child][MessageChannel] Error: (msgtype=0x230033,name=PBrowser::Msg___delete__) Channel closing: too late to send/recv, messages will be lost


###!!! [Parent][RunMessage] Error: Channel closing: too late to send/recv, messages will be lost

1614507952609	geckodriver	INFO	Listening on 127.0.0.1:38215
1614507952616	mozrunner::runner	INFO	Running command: "/usr/bin/firefox" "--marionette" "-foreground" "-no-remote" "-profile" "/tmp/rust_mozprofile1gbX7G"
console.warn: SearchSettings: "get: No settings file exists, new profile?" (new Error("", "(unknown module)"))
1614507956611	Marionette	INFO	Listening on port 38307
1614507956724	Marionette	WARN	TLS certificate errors will be ignored for this session
1614507993378	Marionette	INFO	Stopped listening on port 38307

###!!! [Child][RunMessage] Error: Channel closing: too late to send/recv, messages will be lost

1614508105561	geckodriver	INFO	Listening on 127.0.0.1:45225
1614508105567	mozrunner::runner	INFO	Running command: "/usr/bin/firefox" "--marionette" "-foreground" "-no-remote" "-profile" "/tmp/rust_mozprofilewc45Dj"
console.warn: SearchSettings: "get: No settings file exists, new profile?" (new Error("", "(unknown module)"))
1614508109425	Marionette	INFO	Listening on port 46181
1614508109540	Marionette	WARN	TLS certificate errors will be ignored for this session
1614508160875	Marionette	INFO	Stopped listening on port 46181

###!!! [Child][MessageChannel] Error: (msgtype=0x230033,name=PBrowser::Msg___delete__) Channel closing: too late to send/recv, messages will be lost

1614508242286	geckodriver	INFO	Listening on 127.0.0.1:46759
1614508242292	mozrunner::runner	INFO	Running command: "/usr/bin/firefox" "--marionette" "-foreground" "-no-remote" "-profile" "/tmp/rust_mozprofileyO91rx"
console.warn: SearchSettings: "get: No settings file exists, new profile?" (new Error("", "(unknown module)"))
1614508247126	Marionette	INFO	Listening on port 38481
1614508247183	Marionette	WARN	TLS certificate errors will be ignored for this session
1614508281041	Marionette	INFO	Stopped listening on port 38481
JavaScript error: chrome://global/content/elements/browser-custom-element.js, line 1681: NotFoundError: No such JSWindowActor 'MarionetteEvents'
JavaScript error: chrome://global/content/elements/browser-custom-element.js, line 1681: NotFoundError: No such JSWindowActor 'MarionetteEvents'
1614509134233	geckodriver	INFO	Listening on 127.0.0.1:45739
1614509134239	mozrunner::runner	INFO	Running command: "/usr/bin/firefox" "--marionette" "-foreground" "-no-remote" "-profile" "/tmp/rust_mozprofileh69Krf"
console.warn: SearchSettings: "get: No settings file exists, new profile?" (new Error("", "(unknown module)"))
1614509138270	Marionette	INFO	Listening on port 35829
1614509138408	Marionette	WARN	TLS certificate errors will be ignored for this session
1614509194307	Marionette	INFO	Stopped listening on port 35829

###!!! [Child][RunMessage] Error: Channel closing: too late to send/recv, messages will be lost


###!!! [Child][RunMessage] Error: Channel closing: too late to send/recv, messages will be lost


###!!! [Child][RunMessage] Error: Channel closing: too late to send/recv, messages will be lost

